<?xml version="1.0" ?>
<!DOCTYPE coverage SYSTEM "http://cobertura.sourceforge.net/xml/coverage-04.dtd">
<coverage lines-valid="557"  lines-covered="378"  line-rate="0.6786"  branches-valid="214"  branches-covered="82"  branch-rate="0.3832"  timestamp="1487541907077" complexity="0" version="0.1">
<sources>
	<source>/var/www/html/slim.js</source>
</sources>
<packages>
	<package name="src"  line-rate="0.6786"  branch-rate="0.3832" >
	<classes>
		<class name="EventListener.js"  filename="src/EventListener.js"  line-rate="0.5"  branch-rate="0.23079999999999998" >
		<methods>
			<method name="(anonymous_1)"  hits="1"  signature="()V" >
				<lines><line number="9"  hits="1" /></lines>
			</method>
			<method name="(anonymous_2)"  hits="1"  signature="()V" >
				<lines><line number="18"  hits="1" /></lines>
			</method>
			<method name="(anonymous_3)"  hits="1"  signature="()V" >
				<lines><line number="28"  hits="1" /></lines>
			</method>
			<method name="(anonymous_4)"  hits="1"  signature="()V" >
				<lines><line number="34"  hits="1" /></lines>
			</method>
			<method name="(anonymous_5)"  hits="0"  signature="()V" >
				<lines><line number="43"  hits="0" /></lines>
			</method>
			<method name="(anonymous_6)"  hits="1"  signature="()V" >
				<lines><line number="72"  hits="1" /></lines>
			</method>
			<method name="(anonymous_7)"  hits="0"  signature="()V" >
				<lines><line number="84"  hits="0" /></lines>
			</method>
		</methods>
		<lines>
			<line number="9"  hits="1"  branch="false" />
			<line number="18"  hits="1"  branch="false" />
			<line number="19"  hits="1"  branch="false" />
			<line number="28"  hits="1"  branch="false" />
			<line number="29"  hits="1"  branch="false" />
			<line number="30"  hits="1"  branch="false" />
			<line number="31"  hits="1"  branch="false" />
			<line number="34"  hits="1"  branch="false" />
			<line number="36"  hits="1"  branch="true"  condition-coverage="50% (1/2)" />
			<line number="38"  hits="0"  branch="false" />
			<line number="43"  hits="0"  branch="false" />
			<line number="44"  hits="0"  branch="false" />
			<line number="48"  hits="0"  branch="true"  condition-coverage="0% (0/4)" />
			<line number="50"  hits="0"  branch="false" />
			<line number="56"  hits="0"  branch="false" />
			<line number="57"  hits="0"  branch="false" />
			<line number="72"  hits="1"  branch="false" />
			<line number="73"  hits="1"  branch="false" />
			<line number="74"  hits="1"  branch="true"  condition-coverage="50% (1/2)" />
			<line number="75"  hits="1"  branch="true"  condition-coverage="80% (4/5)" />
			<line number="76"  hits="1"  branch="false" />
			<line number="77"  hits="0"  branch="true"  condition-coverage="0% (0/4)" />
			<line number="78"  hits="0"  branch="false" />
			<line number="79"  hits="0"  branch="false" />
			<line number="83"  hits="0"  branch="true"  condition-coverage="0% (0/5)" />
			<line number="84"  hits="0"  branch="false" />
			<line number="85"  hits="0"  branch="false" />
			<line number="87"  hits="0"  branch="true"  condition-coverage="0% (0/4)" />
			<line number="88"  hits="0"  branch="false" />
			<line number="89"  hits="0"  branch="false" />
			<line number="95"  hits="1"  branch="false" />
			<line number="96"  hits="1"  branch="false" />
		</lines>
		</class>
		<class name="Promise.js"  filename="src/Promise.js"  line-rate="0.5182"  branch-rate="0.3857" >
		<methods>
			<method name="(anonymous_1)"  hits="1"  signature="()V" >
				<lines><line number="11"  hits="1" /></lines>
			</method>
			<method name="noop"  hits="4"  signature="()V" >
				<lines><line number="21"  hits="4" /></lines>
			</method>
			<method name="(anonymous_3)"  hits="2"  signature="()V" >
				<lines><line number="26"  hits="2" /></lines>
			</method>
			<method name="onUnhandledRejection"  hits="0"  signature="()V" >
				<lines><line number="30"  hits="0" /></lines>
			</method>
			<method name="bind"  hits="0"  signature="()V" >
				<lines><line number="37"  hits="0" /></lines>
			</method>
			<method name="(anonymous_6)"  hits="0"  signature="()V" >
				<lines><line number="38"  hits="0" /></lines>
			</method>
			<method name="Promise"  hits="6"  signature="()V" >
				<lines><line number="43"  hits="6" /></lines>
			</method>
			<method name="handle"  hits="6"  signature="()V" >
				<lines><line number="58"  hits="6" /></lines>
			</method>
			<method name="(anonymous_9)"  hits="2"  signature="()V" >
				<lines><line number="67"  hits="2" /></lines>
			</method>
			<method name="resolve"  hits="3"  signature="()V" >
				<lines><line number="84"  hits="3" /></lines>
			</method>
			<method name="reject"  hits="0"  signature="()V" >
				<lines><line number="110"  hits="0" /></lines>
			</method>
			<method name="finale"  hits="3"  signature="()V" >
				<lines><line number="116"  hits="3" /></lines>
			</method>
			<method name="(anonymous_13)"  hits="0"  signature="()V" >
				<lines><line number="118"  hits="0" /></lines>
			</method>
			<method name="Handler"  hits="4"  signature="()V" >
				<lines><line number="131"  hits="4" /></lines>
			</method>
			<method name="doResolve"  hits="6"  signature="()V" >
				<lines><line number="143"  hits="6" /></lines>
			</method>
			<method name="(anonymous_16)"  hits="1"  signature="()V" >
				<lines><line number="146"  hits="1" /></lines>
			</method>
			<method name="(anonymous_17)"  hits="0"  signature="()V" >
				<lines><line number="152"  hits="0" /></lines>
			</method>
			<method name="(anonymous_18)"  hits="2"  signature="()V" >
				<lines><line number="168"  hits="2" /></lines>
			</method>
			<method name="(anonymous_19)"  hits="4"  signature="()V" >
				<lines><line number="172"  hits="4" /></lines>
			</method>
			<method name="(anonymous_20)"  hits="0"  signature="()V" >
				<lines><line number="179"  hits="0" /></lines>
			</method>
			<method name="(anonymous_21)"  hits="0"  signature="()V" >
				<lines><line number="182"  hits="0" /></lines>
			</method>
			<method name="res"  hits="0"  signature="()V" >
				<lines><line number="188"  hits="0" /></lines>
			</method>
			<method name="(anonymous_23)"  hits="0"  signature="()V" >
				<lines><line number="193"  hits="0" /></lines>
			</method>
			<method name="(anonymous_24)"  hits="0"  signature="()V" >
				<lines><line number="214"  hits="0" /></lines>
			</method>
			<method name="(anonymous_25)"  hits="0"  signature="()V" >
				<lines><line number="219"  hits="0" /></lines>
			</method>
			<method name="(anonymous_26)"  hits="0"  signature="()V" >
				<lines><line number="224"  hits="0" /></lines>
			</method>
			<method name="(anonymous_27)"  hits="0"  signature="()V" >
				<lines><line number="225"  hits="0" /></lines>
			</method>
			<method name="(anonymous_28)"  hits="0"  signature="()V" >
				<lines><line number="230"  hits="0" /></lines>
			</method>
			<method name="(anonymous_29)"  hits="0"  signature="()V" >
				<lines><line number="231"  hits="0" /></lines>
			</method>
			<method name="_setImmediateFn"  hits="0"  signature="()V" >
				<lines><line number="243"  hits="0" /></lines>
			</method>
			<method name="_setUnhandledRejectionFn"  hits="0"  signature="()V" >
				<lines><line number="247"  hits="0" /></lines>
			</method>
		</methods>
		<lines>
			<line number="11"  hits="1"  branch="false" />
			<line number="14"  hits="1"  branch="true"  condition-coverage="50% (1/2)" />
			<line number="15"  hits="0"  branch="false" />
			<line number="19"  hits="1"  branch="false" />
			<line number="21"  hits="1"  branch="false" />
			<line number="25"  hits="1"  branch="true"  condition-coverage="66.66666666666666% (2/3)" />
			<line number="27"  hits="2"  branch="false" />
			<line number="30"  hits="1"  branch="false" />
			<line number="31"  hits="0"  branch="true"  condition-coverage="0% (0/4)" />
			<line number="32"  hits="0"  branch="false" />
			<line number="37"  hits="1"  branch="false" />
			<line number="38"  hits="0"  branch="false" />
			<line number="39"  hits="0"  branch="false" />
			<line number="43"  hits="1"  branch="false" />
			<line number="44"  hits="6"  branch="true"  condition-coverage="50% (1/2)" />
			<line number="45"  hits="0"  branch="false" />
			<line number="47"  hits="6"  branch="true"  condition-coverage="50% (1/2)" />
			<line number="48"  hits="0"  branch="false" />
			<line number="50"  hits="6"  branch="false" />
			<line number="51"  hits="6"  branch="false" />
			<line number="52"  hits="6"  branch="false" />
			<line number="53"  hits="6"  branch="false" />
			<line number="55"  hits="6"  branch="false" />
			<line number="58"  hits="1"  branch="false" />
			<line number="59"  hits="6"  branch="false" />
			<line number="60"  hits="0"  branch="false" />
			<line number="62"  hits="6"  branch="true"  condition-coverage="100% (2/2)" />
			<line number="63"  hits="4"  branch="false" />
			<line number="64"  hits="4"  branch="false" />
			<line number="66"  hits="2"  branch="false" />
			<line number="67"  hits="2"  branch="false" />
			<line number="68"  hits="2"  branch="true"  condition-coverage="50% (1/2)" />
			<line number="69"  hits="2"  branch="true"  condition-coverage="100% (2/2)" />
			<line number="70"  hits="1"  branch="true"  condition-coverage="50% (1/2)" />
			<line number="71"  hits="1"  branch="false" />
			<line number="73"  hits="1"  branch="false" />
			<line number="74"  hits="1"  branch="false" />
			<line number="75"  hits="1"  branch="false" />
			<line number="77"  hits="0"  branch="false" />
			<line number="78"  hits="0"  branch="false" />
			<line number="80"  hits="1"  branch="false" />
			<line number="84"  hits="1"  branch="false" />
			<line number="85"  hits="3"  branch="false" />
			<line number="87"  hits="3"  branch="true"  condition-coverage="50% (1/2)" />
			<line number="88"  hits="0"  branch="false" />
			<line number="90"  hits="3"  branch="true"  condition-coverage="80% (4/5)" />
			<line number="91"  hits="0"  branch="false" />
			<line number="92"  hits="0"  branch="true"  condition-coverage="0% (0/2)" />
			<line number="93"  hits="0"  branch="false" />
			<line number="94"  hits="0"  branch="false" />
			<line number="95"  hits="0"  branch="false" />
			<line number="96"  hits="0"  branch="false" />
			<line number="97"  hits="0"  branch="true"  condition-coverage="0% (0/2)" />
			<line number="98"  hits="0"  branch="false" />
			<line number="99"  hits="0"  branch="false" />
			<line number="102"  hits="3"  branch="false" />
			<line number="103"  hits="3"  branch="false" />
			<line number="104"  hits="3"  branch="false" />
			<line number="106"  hits="0"  branch="false" />
			<line number="110"  hits="1"  branch="false" />
			<line number="111"  hits="0"  branch="false" />
			<line number="112"  hits="0"  branch="false" />
			<line number="113"  hits="0"  branch="false" />
			<line number="116"  hits="1"  branch="false" />
			<line number="117"  hits="3"  branch="true"  condition-coverage="50% (2/4)" />
			<line number="118"  hits="0"  branch="false" />
			<line number="119"  hits="0"  branch="true"  condition-coverage="0% (0/2)" />
			<line number="120"  hits="0"  branch="false" />
			<line number="125"  hits="3"  branch="false" />
			<line number="126"  hits="2"  branch="false" />
			<line number="128"  hits="3"  branch="false" />
			<line number="131"  hits="1"  branch="false" />
			<line number="132"  hits="4"  branch="true"  condition-coverage="100% (2/2)" />
			<line number="133"  hits="4"  branch="true"  condition-coverage="100% (2/2)" />
			<line number="134"  hits="4"  branch="false" />
			<line number="143"  hits="1"  branch="false" />
			<line number="144"  hits="6"  branch="false" />
			<line number="145"  hits="6"  branch="false" />
			<line number="146"  hits="6"  branch="false" />
			<line number="147"  hits="1"  branch="true"  condition-coverage="50% (1/2)" />
			<line number="148"  hits="0"  branch="false" />
			<line number="150"  hits="1"  branch="false" />
			<line number="151"  hits="1"  branch="false" />
			<line number="153"  hits="0"  branch="true"  condition-coverage="0% (0/2)" />
			<line number="154"  hits="0"  branch="false" />
			<line number="156"  hits="0"  branch="false" />
			<line number="157"  hits="0"  branch="false" />
			<line number="160"  hits="0"  branch="true"  condition-coverage="0% (0/2)" />
			<line number="161"  hits="0"  branch="false" />
			<line number="163"  hits="0"  branch="false" />
			<line number="164"  hits="0"  branch="false" />
			<line number="168"  hits="1"  branch="false" />
			<line number="169"  hits="2"  branch="false" />
			<line number="172"  hits="1"  branch="false" />
			<line number="173"  hits="4"  branch="false" />
			<line number="175"  hits="4"  branch="false" />
			<line number="176"  hits="4"  branch="false" />
			<line number="179"  hits="1"  branch="false" />
			<line number="180"  hits="0"  branch="false" />
			<line number="182"  hits="0"  branch="false" />
			<line number="183"  hits="0"  branch="true"  condition-coverage="0% (0/2)" />
			<line number="184"  hits="0"  branch="false" />
			<line number="186"  hits="0"  branch="false" />
			<line number="188"  hits="1"  branch="false" />
			<line number="189"  hits="0"  branch="false" />
			<line number="190"  hits="0"  branch="true"  condition-coverage="0% (0/5)" />
			<line number="191"  hits="0"  branch="false" />
			<line number="192"  hits="0"  branch="true"  condition-coverage="0% (0/2)" />
			<line number="193"  hits="0"  branch="false" />
			<line number="194"  hits="0"  branch="false" />
			<line number="196"  hits="0"  branch="false" />
			<line number="199"  hits="0"  branch="false" />
			<line number="200"  hits="0"  branch="true"  condition-coverage="0% (0/2)" />
			<line number="201"  hits="0"  branch="false" />
			<line number="204"  hits="0"  branch="false" />
			<line number="208"  hits="0"  branch="false" />
			<line number="209"  hits="0"  branch="false" />
			<line number="214"  hits="1"  branch="false" />
			<line number="215"  hits="0"  branch="true"  condition-coverage="0% (0/5)" />
			<line number="216"  hits="0"  branch="false" />
			<line number="219"  hits="0"  branch="false" />
			<line number="220"  hits="0"  branch="false" />
			<line number="224"  hits="1"  branch="false" />
			<line number="225"  hits="0"  branch="false" />
			<line number="226"  hits="0"  branch="false" />
			<line number="230"  hits="1"  branch="false" />
			<line number="231"  hits="0"  branch="false" />
			<line number="232"  hits="0"  branch="false" />
			<line number="233"  hits="0"  branch="false" />
			<line number="243"  hits="1"  branch="false" />
			<line number="244"  hits="0"  branch="false" />
			<line number="247"  hits="1"  branch="false" />
			<line number="248"  hits="0"  branch="false" />
			<line number="251"  hits="1"  branch="true"  condition-coverage="75% (3/4)" />
			<line number="252"  hits="0"  branch="false" />
			<line number="253"  hits="1"  branch="true"  condition-coverage="50% (1/2)" />
			<line number="254"  hits="1"  branch="false" />
		</lines>
		</class>
		<class name="Slim.js"  filename="src/Slim.js"  line-rate="0.6364"  branch-rate="0.25" >
		<methods>
			<method name="(anonymous_1)"  hits="1"  signature="()V" >
				<lines><line number="12"  hits="1" /></lines>
			</method>
			<method name="(anonymous_2)"  hits="6"  signature="()V" >
				<lines><line number="21"  hits="6" /></lines>
			</method>
			<method name="(anonymous_3)"  hits="6"  signature="()V" >
				<lines><line number="55"  hits="6" /></lines>
			</method>
			<method name="(anonymous_4)"  hits="1"  signature="()V" >
				<lines><line number="65"  hits="1" /></lines>
			</method>
			<method name="(anonymous_5)"  hits="1"  signature="()V" >
				<lines><line number="74"  hits="1" /></lines>
			</method>
			<method name="(anonymous_6)"  hits="0"  signature="()V" >
				<lines><line number="83"  hits="0" /></lines>
			</method>
			<method name="(anonymous_7)"  hits="1"  signature="()V" >
				<lines><line number="105"  hits="1" /></lines>
			</method>
			<method name="(anonymous_8)"  hits="0"  signature="()V" >
				<lines><line number="117"  hits="0" /></lines>
			</method>
			<method name="(anonymous_9)"  hits="1"  signature="()V" >
				<lines><line number="149"  hits="1" /></lines>
			</method>
		</methods>
		<lines>
			<line number="12"  hits="1"  branch="false" />
			<line number="21"  hits="1"  branch="false" />
			<line number="22"  hits="6"  branch="false" />
			<line number="37"  hits="6"  branch="false" />
			<line number="38"  hits="6"  branch="false" />
			<line number="39"  hits="6"  branch="false" />
			<line number="46"  hits="1"  branch="false" />
			<line number="47"  hits="1"  branch="false" />
			<line number="55"  hits="1"  branch="false" />
			<line number="56"  hits="6"  branch="false" />
			<line number="57"  hits="6"  branch="false" />
			<line number="65"  hits="1"  branch="false" />
			<line number="66"  hits="1"  branch="false" />
			<line number="74"  hits="1"  branch="false" />
			<line number="75"  hits="1"  branch="false" />
			<line number="83"  hits="1"  branch="false" />
			<line number="84"  hits="0"  branch="false" />
			<line number="85"  hits="0"  branch="false" />
			<line number="88"  hits="0"  branch="true"  condition-coverage="0% (0/2)" />
			<line number="90"  hits="0"  branch="false" />
			<line number="91"  hits="0"  branch="false" />
			<line number="92"  hits="0"  branch="false" />
			<line number="94"  hits="0"  branch="false" />
			<line number="95"  hits="0"  branch="false" />
			<line number="96"  hits="0"  branch="false" />
			<line number="98"  hits="0"  branch="false" />
			<line number="105"  hits="1"  branch="false" />
			<line number="106"  hits="1"  branch="false" />
			<line number="107"  hits="1"  branch="false" />
			<line number="108"  hits="1"  branch="false" />
			<line number="115"  hits="1"  branch="false" />
			<line number="117"  hits="1"  branch="false" />
			<line number="118"  hits="0"  branch="true"  condition-coverage="0% (0/2)" />
			<line number="119"  hits="0"  branch="false" />
			<line number="126"  hits="0"  branch="false" />
			<line number="133"  hits="0"  branch="false" />
			<line number="138"  hits="0"  branch="false" />
			<line number="145"  hits="0"  branch="false" />
			<line number="149"  hits="1"  branch="false" />
			<line number="150"  hits="1"  branch="false" />
			<line number="151"  hits="1"  branch="false" />
			<line number="158"  hits="1"  branch="false" />
			<line number="161"  hits="1"  branch="false" />
			<line number="162"  hits="1"  branch="false" />
		</lines>
		</class>
		<class name="SlimConfig.js"  filename="src/SlimConfig.js"  line-rate="0.8889"  branch-rate="0.8636" >
		<methods>
			<method name="(anonymous_1)"  hits="1"  signature="()V" >
				<lines><line number="10"  hits="1" /></lines>
			</method>
			<method name="(anonymous_2)"  hits="1"  signature="()V" >
				<lines><line number="18"  hits="1" /></lines>
			</method>
			<method name="(anonymous_3)"  hits="1"  signature="()V" >
				<lines><line number="39"  hits="1" /></lines>
			</method>
			<method name="(anonymous_4)"  hits="3"  signature="()V" >
				<lines><line number="49"  hits="3" /></lines>
			</method>
			<method name="(anonymous_5)"  hits="2"  signature="()V" >
				<lines><line number="58"  hits="2" /></lines>
			</method>
			<method name="(anonymous_6)"  hits="1"  signature="()V" >
				<lines><line number="63"  hits="1" /></lines>
			</method>
			<method name="(anonymous_7)"  hits="0"  signature="()V" >
				<lines><line number="76"  hits="0" /></lines>
			</method>
			<method name="(anonymous_8)"  hits="2"  signature="()V" >
				<lines><line number="92"  hits="2" /></lines>
			</method>
			<method name="(anonymous_9)"  hits="2"  signature="()V" >
				<lines><line number="94"  hits="2" /></lines>
			</method>
			<method name="(anonymous_10)"  hits="1"  signature="()V" >
				<lines><line number="98"  hits="1" /></lines>
			</method>
			<method name="(anonymous_11)"  hits="0"  signature="()V" >
				<lines><line number="107"  hits="0" /></lines>
			</method>
			<method name="(anonymous_12)"  hits="3"  signature="()V" >
				<lines><line number="123"  hits="3" /></lines>
			</method>
			<method name="(anonymous_13)"  hits="5"  signature="()V" >
				<lines><line number="138"  hits="5" /></lines>
			</method>
		</methods>
		<lines>
			<line number="10"  hits="1"  branch="false" />
			<line number="18"  hits="1"  branch="false" />
			<line number="19"  hits="1"  branch="false" />
			<line number="20"  hits="1"  branch="false" />
			<line number="21"  hits="1"  branch="false" />
			<line number="23"  hits="1"  branch="true"  condition-coverage="80% (4/5)" />
			<line number="24"  hits="0"  branch="false" />
			<line number="26"  hits="1"  branch="false" />
			<line number="27"  hits="1"  branch="false" />
			<line number="29"  hits="1"  branch="false" />
			<line number="30"  hits="1"  branch="false" />
			<line number="39"  hits="1"  branch="false" />
			<line number="40"  hits="1"  branch="false" />
			<line number="41"  hits="1"  branch="false" />
			<line number="49"  hits="1"  branch="false" />
			<line number="50"  hits="3"  branch="true"  condition-coverage="100% (2/2)" />
			<line number="51"  hits="3"  branch="false" />
			<line number="58"  hits="1"  branch="false" />
			<line number="59"  hits="2"  branch="false" />
			<line number="60"  hits="2"  branch="false" />
			<line number="61"  hits="2"  branch="false" />
			<line number="62"  hits="2"  branch="true"  condition-coverage="50% (1/2)" />
			<line number="63"  hits="2"  branch="false" />
			<line number="64"  hits="1"  branch="false" />
			<line number="65"  hits="1"  branch="false" />
			<line number="66"  hits="1"  branch="false" />
			<line number="67"  hits="1"  branch="false" />
			<line number="68"  hits="1"  branch="false" />
			<line number="69"  hits="1"  branch="false" />
			<line number="75"  hits="1"  branch="false" />
			<line number="77"  hits="0"  branch="false" />
			<line number="80"  hits="0"  branch="false" />
			<line number="81"  hits="0"  branch="false" />
			<line number="82"  hits="0"  branch="false" />
			<line number="84"  hits="2"  branch="false" />
			<line number="92"  hits="1"  branch="false" />
			<line number="93"  hits="2"  branch="false" />
			<line number="94"  hits="2"  branch="false" />
			<line number="95"  hits="2"  branch="false" />
			<line number="96"  hits="2"  branch="false" />
			<line number="97"  hits="2"  branch="false" />
			<line number="98"  hits="2"  branch="false" />
			<line number="99"  hits="1"  branch="true"  condition-coverage="80% (4/5)" />
			<line number="101"  hits="1"  branch="false" />
			<line number="104"  hits="0"  branch="false" />
			<line number="107"  hits="2"  branch="false" />
			<line number="109"  hits="0"  branch="false" />
			<line number="111"  hits="2"  branch="false" />
			<line number="123"  hits="1"  branch="false" />
			<line number="124"  hits="3"  branch="true"  condition-coverage="100% (2/2)" />
			<line number="125"  hits="2"  branch="false" />
			<line number="128"  hits="1"  branch="false" />
			<line number="129"  hits="1"  branch="false" />
			<line number="130"  hits="1"  branch="false" />
			<line number="138"  hits="1"  branch="false" />
			<line number="139"  hits="5"  branch="true"  condition-coverage="100% (2/2)" />
			<line number="140"  hits="3"  branch="false" />
			<line number="142"  hits="2"  branch="false" />
			<line number="143"  hits="2"  branch="true"  condition-coverage="100% (2/2)" />
			<line number="144"  hits="1"  branch="false" />
			<line number="146"  hits="1"  branch="true"  condition-coverage="100% (2/2)" />
			<line number="149"  hits="1"  branch="false" />
			<line number="150"  hits="1"  branch="false" />
		</lines>
		</class>
		<class name="SlimCore.js"  filename="src/SlimCore.js"  line-rate="0.6343"  branch-rate="0.2692" >
		<methods>
			<method name="(anonymous_1)"  hits="1"  signature="()V" >
				<lines><line number="20"  hits="1" /></lines>
			</method>
			<method name="(anonymous_2)"  hits="1"  signature="()V" >
				<lines><line number="28"  hits="1" /></lines>
			</method>
			<method name="(anonymous_3)"  hits="0"  signature="()V" >
				<lines><line number="46"  hits="0" /></lines>
			</method>
			<method name="(anonymous_4)"  hits="0"  signature="()V" >
				<lines><line number="52"  hits="0" /></lines>
			</method>
			<method name="(anonymous_5)"  hits="1"  signature="()V" >
				<lines><line number="59"  hits="1" /></lines>
			</method>
			<method name="(anonymous_6)"  hits="1"  signature="()V" >
				<lines><line number="66"  hits="1" /></lines>
			</method>
			<method name="(anonymous_7)"  hits="0"  signature="()V" >
				<lines><line number="72"  hits="0" /></lines>
			</method>
			<method name="(anonymous_8)"  hits="1"  signature="()V" >
				<lines><line number="78"  hits="1" /></lines>
			</method>
			<method name="(anonymous_9)"  hits="1"  signature="()V" >
				<lines><line number="91"  hits="1" /></lines>
			</method>
			<method name="(anonymous_10)"  hits="1"  signature="()V" >
				<lines><line number="109"  hits="1" /></lines>
			</method>
			<method name="(anonymous_11)"  hits="6"  signature="()V" >
				<lines><line number="119"  hits="6" /></lines>
			</method>
			<method name="(anonymous_12)"  hits="0"  signature="()V" >
				<lines><line number="151"  hits="0" /></lines>
			</method>
			<method name="(anonymous_13)"  hits="0"  signature="()V" >
				<lines><line number="154"  hits="0" /></lines>
			</method>
			<method name="(anonymous_14)"  hits="0"  signature="()V" >
				<lines><line number="160"  hits="0" /></lines>
			</method>
			<method name="(anonymous_15)"  hits="1"  signature="()V" >
				<lines><line number="208"  hits="1" /></lines>
			</method>
			<method name="(anonymous_16)"  hits="1"  signature="()V" >
				<lines><line number="260"  hits="1" /></lines>
			</method>
			<method name="(anonymous_17)"  hits="1"  signature="()V" >
				<lines><line number="270"  hits="1" /></lines>
			</method>
			<method name="(anonymous_18)"  hits="8"  signature="()V" >
				<lines><line number="287"  hits="8" /></lines>
			</method>
			<method name="(anonymous_19)"  hits="3"  signature="()V" >
				<lines><line number="301"  hits="3" /></lines>
			</method>
			<method name="(anonymous_20)"  hits="1"  signature="()V" >
				<lines><line number="314"  hits="1" /></lines>
			</method>
			<method name="(anonymous_21)"  hits="1"  signature="()V" >
				<lines><line number="327"  hits="1" /></lines>
			</method>
			<method name="(anonymous_22)"  hits="1"  signature="()V" >
				<lines><line number="340"  hits="1" /></lines>
			</method>
			<method name="(anonymous_23)"  hits="1"  signature="()V" >
				<lines><line number="353"  hits="1" /></lines>
			</method>
			<method name="(anonymous_24)"  hits="0"  signature="()V" >
				<lines><line number="365"  hits="0" /></lines>
			</method>
			<method name="(anonymous_25)"  hits="1"  signature="()V" >
				<lines><line number="374"  hits="1" /></lines>
			</method>
			<method name="(anonymous_26)"  hits="0"  signature="()V" >
				<lines><line number="391"  hits="0" /></lines>
			</method>
			<method name="(anonymous_27)"  hits="0"  signature="()V" >
				<lines><line number="407"  hits="0" /></lines>
			</method>
			<method name="(anonymous_28)"  hits="0"  signature="()V" >
				<lines><line number="413"  hits="0" /></lines>
			</method>
			<method name="(anonymous_29)"  hits="0"  signature="()V" >
				<lines><line number="419"  hits="0" /></lines>
			</method>
			<method name="(anonymous_30)"  hits="0"  signature="()V" >
				<lines><line number="434"  hits="0" /></lines>
			</method>
			<method name="(anonymous_31)"  hits="0"  signature="()V" >
				<lines><line number="444"  hits="0" /></lines>
			</method>
		</methods>
		<lines>
			<line number="20"  hits="1"  branch="false" />
			<line number="28"  hits="1"  branch="false" />
			<line number="29"  hits="1"  branch="false" />
			<line number="30"  hits="1"  branch="false" />
			<line number="31"  hits="1"  branch="false" />
			<line number="32"  hits="1"  branch="false" />
			<line number="33"  hits="1"  branch="false" />
			<line number="34"  hits="1"  branch="false" />
			<line number="35"  hits="1"  branch="false" />
			<line number="36"  hits="1"  branch="false" />
			<line number="37"  hits="1"  branch="false" />
			<line number="38"  hits="1"  branch="false" />
			<line number="39"  hits="1"  branch="false" />
			<line number="40"  hits="1"  branch="false" />
			<line number="41"  hits="1"  branch="false" />
			<line number="42"  hits="1"  branch="false" />
			<line number="47"  hits="0"  branch="false" />
			<line number="53"  hits="0"  branch="false" />
			<line number="60"  hits="1"  branch="false" />
			<line number="67"  hits="1"  branch="false" />
			<line number="73"  hits="0"  branch="false" />
			<line number="79"  hits="1"  branch="false" />
			<line number="82"  hits="1"  branch="false" />
			<line number="91"  hits="1"  branch="false" />
			<line number="92"  hits="1"  branch="false" />
			<line number="93"  hits="1"  branch="false" />
			<line number="95"  hits="1"  branch="false" />
			<line number="109"  hits="1"  branch="false" />
			<line number="110"  hits="1"  branch="false" />
			<line number="111"  hits="1"  branch="false" />
			<line number="119"  hits="1"  branch="false" />
			<line number="120"  hits="6"  branch="false" />
			<line number="124"  hits="6"  branch="true"  condition-coverage="100% (2/2)" />
			<line number="125"  hits="1"  branch="false" />
			<line number="127"  hits="5"  branch="false" />
			<line number="128"  hits="5"  branch="true"  condition-coverage="50% (1/2)" />
			<line number="130"  hits="6"  branch="true"  condition-coverage="100% (2/2)" />
			<line number="131"  hits="4"  branch="false" />
			<line number="132"  hits="2"  branch="true"  condition-coverage="100% (2/2)" />
			<line number="133"  hits="1"  branch="false" />
			<line number="135"  hits="1"  branch="false" />
			<line number="136"  hits="1"  branch="false" />
			<line number="137"  hits="1"  branch="false" />
			<line number="138"  hits="1"  branch="true"  condition-coverage="50% (1/2)" />
			<line number="139"  hits="1"  branch="false" />
			<line number="140"  hits="1"  branch="true"  condition-coverage="50% (1/2)" />
			<line number="141"  hits="1"  branch="false" />
			<line number="143"  hits="6"  branch="false" />
			<line number="151"  hits="1"  branch="false" />
			<line number="152"  hits="0"  branch="false" />
			<line number="153"  hits="0"  branch="false" />
			<line number="154"  hits="0"  branch="false" />
			<line number="155"  hits="0"  branch="false" />
			<line number="156"  hits="0"  branch="true"  condition-coverage="0% (0/2)" />
			<line number="157"  hits="0"  branch="false" />
			<line number="158"  hits="0"  branch="false" />
			<line number="160"  hits="0"  branch="false" />
			<line number="161"  hits="0"  branch="false" />
			<line number="162"  hits="0"  branch="false" />
			<line number="163"  hits="0"  branch="false" />
			<line number="164"  hits="0"  branch="false" />
			<line number="170"  hits="0"  branch="true"  condition-coverage="0% (0/2)" />
			<line number="171"  hits="0"  branch="true"  condition-coverage="0% (0/2)" />
			<line number="172"  hits="0"  branch="false" />
			<line number="173"  hits="0"  branch="true"  condition-coverage="0% (0/2)" />
			<line number="174"  hits="0"  branch="false" />
			<line number="176"  hits="0"  branch="true"  condition-coverage="0% (0/2)" />
			<line number="177"  hits="0"  branch="false" />
			<line number="178"  hits="0"  branch="false" />
			<line number="179"  hits="0"  branch="false" />
			<line number="180"  hits="0"  branch="false" />
			<line number="181"  hits="0"  branch="false" />
			<line number="183"  hits="0"  branch="false" />
			<line number="184"  hits="0"  branch="false" />
			<line number="187"  hits="0"  branch="false" />
			<line number="190"  hits="0"  branch="false" />
			<line number="193"  hits="0"  branch="true"  condition-coverage="0% (0/2)" />
			<line number="194"  hits="0"  branch="false" />
			<line number="195"  hits="0"  branch="false" />
			<line number="196"  hits="0"  branch="true"  condition-coverage="0% (0/2)" />
			<line number="197"  hits="0"  branch="false" />
			<line number="208"  hits="1"  branch="false" />
			<line number="209"  hits="1"  branch="false" />
			<line number="214"  hits="1"  branch="true"  condition-coverage="50% (1/2)" />
			<line number="217"  hits="1"  branch="false" />
			<line number="218"  hits="3"  branch="false" />
			<line number="219"  hits="3"  branch="false" />
			<line number="221"  hits="3"  branch="true"  condition-coverage="50% (1/2)" />
			<line number="223"  hits="3"  branch="true"  condition-coverage="100% (2/2)" />
			<line number="224"  hits="1"  branch="false" />
			<line number="225"  hits="1"  branch="false" />
			<line number="228"  hits="2"  branch="true"  condition-coverage="50% (1/2)" />
			<line number="229"  hits="0"  branch="false" />
			<line number="233"  hits="0"  branch="true"  condition-coverage="0% (0/2)" />
			<line number="234"  hits="0"  branch="false" />
			<line number="237"  hits="0"  branch="false" />
			<line number="241"  hits="1"  branch="false" />
			<line number="242"  hits="2"  branch="false" />
			<line number="243"  hits="2"  branch="false" />
			<line number="245"  hits="2"  branch="true"  condition-coverage="80% (4/5)" />
			<line number="246"  hits="2"  branch="false" />
			<line number="250"  hits="1"  branch="false" />
			<line number="260"  hits="1"  branch="false" />
			<line number="261"  hits="1"  branch="false" />
			<line number="270"  hits="1"  branch="false" />
			<line number="271"  hits="1"  branch="false" />
			<line number="272"  hits="1"  branch="true"  condition-coverage="50% (1/2)" />
			<line number="273"  hits="1"  branch="false" />
			<line number="274"  hits="1"  branch="false" />
			<line number="275"  hits="1"  branch="false" />
			<line number="277"  hits="1"  branch="false" />
			<line number="287"  hits="1"  branch="false" />
			<line number="288"  hits="8"  branch="false" />
			<line number="289"  hits="8"  branch="true"  condition-coverage="100% (2/2)" />
			<line number="290"  hits="7"  branch="false" />
			<line number="292"  hits="8"  branch="false" />
			<line number="301"  hits="1"  branch="false" />
			<line number="302"  hits="3"  branch="false" />
			<line number="303"  hits="3"  branch="false" />
			<line number="304"  hits="3"  branch="false" />
			<line number="305"  hits="3"  branch="false" />
			<line number="314"  hits="1"  branch="false" />
			<line number="315"  hits="1"  branch="false" />
			<line number="316"  hits="1"  branch="false" />
			<line number="317"  hits="1"  branch="false" />
			<line number="318"  hits="1"  branch="false" />
			<line number="327"  hits="1"  branch="false" />
			<line number="328"  hits="1"  branch="false" />
			<line number="329"  hits="1"  branch="false" />
			<line number="330"  hits="1"  branch="false" />
			<line number="331"  hits="1"  branch="false" />
			<line number="340"  hits="1"  branch="false" />
			<line number="341"  hits="1"  branch="false" />
			<line number="342"  hits="1"  branch="false" />
			<line number="343"  hits="1"  branch="false" />
			<line number="344"  hits="1"  branch="false" />
			<line number="353"  hits="1"  branch="false" />
			<line number="354"  hits="1"  branch="false" />
			<line number="355"  hits="1"  branch="false" />
			<line number="356"  hits="1"  branch="false" />
			<line number="357"  hits="1"  branch="false" />
			<line number="365"  hits="1"  branch="false" />
			<line number="366"  hits="0"  branch="false" />
			<line number="374"  hits="1"  branch="false" />
			<line number="375"  hits="1"  branch="false" />
			<line number="380"  hits="1"  branch="false" />
			<line number="381"  hits="1"  branch="false" />
			<line number="391"  hits="1"  branch="false" />
			<line number="392"  hits="0"  branch="false" />
			<line number="393"  hits="0"  branch="false" />
			<line number="398"  hits="0"  branch="false" />
			<line number="409"  hits="0"  branch="true"  condition-coverage="0% (0/2)" />
			<line number="410"  hits="0"  branch="false" />
			<line number="415"  hits="0"  branch="true"  condition-coverage="0% (0/2)" />
			<line number="416"  hits="0"  branch="false" />
			<line number="421"  hits="0"  branch="true"  condition-coverage="0% (0/2)" />
			<line number="422"  hits="0"  branch="false" />
			<line number="425"  hits="0"  branch="false" />
			<line number="432"  hits="1"  branch="false" />
			<line number="434"  hits="1"  branch="false" />
			<line number="435"  hits="0"  branch="false" />
			<line number="440"  hits="0"  branch="true"  condition-coverage="0% (0/2)" />
			<line number="441"  hits="0"  branch="false" />
			<line number="443"  hits="0"  branch="false" />
			<line number="444"  hits="0"  branch="false" />
			<line number="445"  hits="0"  branch="false" />
			<line number="446"  hits="0"  branch="true"  condition-coverage="0% (0/2)" />
			<line number="448"  hits="0"  branch="false" />
			<line number="449"  hits="0"  branch="false" />
			<line number="450"  hits="0"  branch="false" />
			<line number="453"  hits="0"  branch="false" />
			<line number="454"  hits="0"  branch="false" />
			<line number="457"  hits="0"  branch="true"  condition-coverage="0% (0/2)" />
			<line number="458"  hits="0"  branch="false" />
			<line number="463"  hits="1"  branch="false" />
		</lines>
		</class>
		<class name="SlimExceptions.js"  filename="src/SlimExceptions.js"  line-rate="0.8387"  branch-rate="1" >
		<methods>
			<method name="(anonymous_1)"  hits="1"  signature="()V" >
				<lines><line number="9"  hits="1" /></lines>
			</method>
			<method name="(anonymous_2)"  hits="1"  signature="()V" >
				<lines><line number="17"  hits="1" /></lines>
			</method>
			<method name="(anonymous_3)"  hits="1"  signature="()V" >
				<lines><line number="27"  hits="1" /></lines>
			</method>
			<method name="(anonymous_4)"  hits="9"  signature="()V" >
				<lines><line number="38"  hits="9" /></lines>
			</method>
			<method name="(anonymous_5)"  hits="1"  signature="()V" >
				<lines><line number="58"  hits="1" /></lines>
			</method>
			<method name="(anonymous_6)"  hits="0"  signature="()V" >
				<lines><line number="66"  hits="0" /></lines>
			</method>
			<method name="(anonymous_7)"  hits="0"  signature="()V" >
				<lines><line number="69"  hits="0" /></lines>
			</method>
			<method name="(anonymous_8)"  hits="0"  signature="()V" >
				<lines><line number="75"  hits="0" /></lines>
			</method>
		</methods>
		<lines>
			<line number="9"  hits="1"  branch="false" />
			<line number="17"  hits="1"  branch="false" />
			<line number="18"  hits="1"  branch="false" />
			<line number="27"  hits="1"  branch="false" />
			<line number="28"  hits="1"  branch="false" />
			<line number="29"  hits="1"  branch="false" />
			<line number="30"  hits="1"  branch="false" />
			<line number="38"  hits="1"  branch="false" />
			<line number="39"  hits="9"  branch="false" />
			<line number="40"  hits="9"  branch="false" />
			<line number="41"  hits="9"  branch="false" />
			<line number="42"  hits="9"  branch="false" />
			<line number="43"  hits="9"  branch="false" />
			<line number="44"  hits="9"  branch="false" />
			<line number="45"  hits="9"  branch="false" />
			<line number="46"  hits="9"  branch="false" />
			<line number="47"  hits="9"  branch="false" />
			<line number="48"  hits="9"  branch="false" />
			<line number="49"  hits="9"  branch="false" />
			<line number="58"  hits="1"  branch="false" />
			<line number="59"  hits="1"  branch="false" />
			<line number="64"  hits="1"  branch="false" />
			<line number="67"  hits="0"  branch="false" />
			<line number="69"  hits="0"  branch="false" />
			<line number="70"  hits="0"  branch="false" />
			<line number="75"  hits="1"  branch="false" />
			<line number="76"  hits="0"  branch="false" />
			<line number="77"  hits="0"  branch="false" />
			<line number="79"  hits="1"  branch="false" />
			<line number="82"  hits="1"  branch="false" />
			<line number="83"  hits="1"  branch="false" />
		</lines>
		</class>
		<class name="SlimUrl.js"  filename="src/SlimUrl.js"  line-rate="0.9767"  branch-rate="0.875" >
		<methods>
			<method name="(anonymous_1)"  hits="1"  signature="()V" >
				<lines><line number="9"  hits="1" /></lines>
			</method>
			<method name="(anonymous_2)"  hits="1"  signature="()V" >
				<lines><line number="18"  hits="1" /></lines>
			</method>
			<method name="(anonymous_3)"  hits="1"  signature="()V" >
				<lines><line number="39"  hits="1" /></lines>
			</method>
			<method name="(anonymous_4)"  hits="2"  signature="()V" >
				<lines><line number="48"  hits="2" /></lines>
			</method>
			<method name="(anonymous_5)"  hits="3"  signature="()V" >
				<lines><line number="57"  hits="3" /></lines>
			</method>
			<method name="(anonymous_6)"  hits="3"  signature="()V" >
				<lines><line number="66"  hits="3" /></lines>
			</method>
			<method name="(anonymous_7)"  hits="12"  signature="()V" >
				<lines><line number="76"  hits="12" /></lines>
			</method>
			<method name="(anonymous_8)"  hits="5"  signature="()V" >
				<lines><line number="87"  hits="5" /></lines>
			</method>
			<method name="(anonymous_9)"  hits="3"  signature="()V" >
				<lines><line number="96"  hits="3" /></lines>
			</method>
			<method name="(anonymous_10)"  hits="0"  signature="()V" >
				<lines><line number="108"  hits="0" /></lines>
			</method>
			<method name="(anonymous_11)"  hits="2"  signature="()V" >
				<lines><line number="116"  hits="2" /></lines>
			</method>
			<method name="(anonymous_12)"  hits="2"  signature="()V" >
				<lines><line number="128"  hits="2" /></lines>
			</method>
		</methods>
		<lines>
			<line number="9"  hits="1"  branch="false" />
			<line number="18"  hits="1"  branch="false" />
			<line number="19"  hits="1"  branch="false" />
			<line number="20"  hits="1"  branch="false" />
			<line number="21"  hits="1"  branch="false" />
			<line number="22"  hits="1"  branch="false" />
			<line number="23"  hits="1"  branch="false" />
			<line number="24"  hits="1"  branch="false" />
			<line number="25"  hits="1"  branch="false" />
			<line number="26"  hits="1"  branch="false" />
			<line number="27"  hits="1"  branch="false" />
			<line number="28"  hits="1"  branch="false" />
			<line number="29"  hits="1"  branch="false" />
			<line number="30"  hits="1"  branch="false" />
			<line number="39"  hits="1"  branch="false" />
			<line number="40"  hits="1"  branch="false" />
			<line number="41"  hits="1"  branch="false" />
			<line number="48"  hits="1"  branch="false" />
			<line number="49"  hits="2"  branch="true"  condition-coverage="100% (2/2)" />
			<line number="50"  hits="2"  branch="false" />
			<line number="57"  hits="1"  branch="false" />
			<line number="58"  hits="3"  branch="false" />
			<line number="59"  hits="3"  branch="false" />
			<line number="66"  hits="1"  branch="false" />
			<line number="67"  hits="3"  branch="false" />
			<line number="68"  hits="3"  branch="false" />
			<line number="76"  hits="1"  branch="false" />
			<line number="77"  hits="12"  branch="false" />
			<line number="87"  hits="1"  branch="false" />
			<line number="88"  hits="5"  branch="true"  condition-coverage="100% (2/2)" />
			<line number="96"  hits="1"  branch="false" />
			<line number="97"  hits="3"  branch="true"  condition-coverage="100% (2/2)" />
			<line number="108"  hits="1"  branch="false" />
			<line number="109"  hits="0"  branch="false" />
			<line number="116"  hits="1"  branch="false" />
			<line number="117"  hits="2"  branch="false" />
			<line number="118"  hits="2"  branch="false" />
			<line number="128"  hits="1"  branch="false" />
			<line number="129"  hits="2"  branch="false" />
			<line number="132"  hits="2"  branch="false" />
			<line number="133"  hits="2"  branch="true"  condition-coverage="50% (1/2)" />
			<line number="136"  hits="1"  branch="false" />
			<line number="137"  hits="1"  branch="false" />
		</lines>
		</class>
		<class name="SlimView.js"  filename="src/SlimView.js"  line-rate="0.875"  branch-rate="0" >
		<methods>
			<method name="(anonymous_1)"  hits="1"  signature="()V" >
				<lines><line number="10"  hits="1" /></lines>
			</method>
			<method name="(anonymous_2)"  hits="1"  signature="()V" >
				<lines><line number="19"  hits="1" /></lines>
			</method>
			<method name="(anonymous_3)"  hits="1"  signature="()V" >
				<lines><line number="23"  hits="1" /></lines>
			</method>
			<method name="(anonymous_4)"  hits="1"  signature="()V" >
				<lines><line number="26"  hits="1" /></lines>
			</method>
			<method name="(anonymous_5)"  hits="1"  signature="()V" >
				<lines><line number="39"  hits="1" /></lines>
			</method>
			<method name="(anonymous_6)"  hits="1"  signature="()V" >
				<lines><line number="49"  hits="1" /></lines>
			</method>
			<method name="(anonymous_7)"  hits="2"  signature="()V" >
				<lines><line number="58"  hits="2" /></lines>
			</method>
			<method name="(anonymous_8)"  hits="2"  signature="()V" >
				<lines><line number="70"  hits="2" /></lines>
			</method>
			<method name="(anonymous_9)"  hits="0"  signature="()V" >
				<lines><line number="85"  hits="0" /></lines>
			</method>
		</methods>
		<lines>
			<line number="10"  hits="1"  branch="false" />
			<line number="19"  hits="1"  branch="false" />
			<line number="20"  hits="1"  branch="false" />
			<line number="21"  hits="1"  branch="false" />
			<line number="22"  hits="1"  branch="false" />
			<line number="24"  hits="1"  branch="false" />
			<line number="27"  hits="1"  branch="false" />
			<line number="30"  hits="1"  branch="false" />
			<line number="39"  hits="1"  branch="false" />
			<line number="40"  hits="1"  branch="false" />
			<line number="41"  hits="1"  branch="false" />
			<line number="49"  hits="1"  branch="false" />
			<line number="50"  hits="1"  branch="false" />
			<line number="51"  hits="1"  branch="false" />
			<line number="58"  hits="1"  branch="false" />
			<line number="59"  hits="2"  branch="false" />
			<line number="60"  hits="2"  branch="false" />
			<line number="61"  hits="2"  branch="false" />
			<line number="70"  hits="1"  branch="false" />
			<line number="71"  hits="2"  branch="false" />
			<line number="73"  hits="2"  branch="false" />
			<line number="74"  hits="2"  branch="false" />
			<line number="80"  hits="2"  branch="false" />
			<line number="82"  hits="2"  branch="false" />
			<line number="86"  hits="0"  branch="false" />
			<line number="87"  hits="0"  branch="true"  condition-coverage="0% (0/2)" />
			<line number="88"  hits="0"  branch="false" />
			<line number="99"  hits="2"  branch="false" />
			<line number="102"  hits="0"  branch="false" />
			<line number="104"  hits="2"  branch="false" />
			<line number="107"  hits="1"  branch="false" />
			<line number="108"  hits="1"  branch="false" />
		</lines>
		</class>
	</classes>
	</package>
</packages>
</coverage>
