TN:
SF:/var/www/slim.js/src/Promise.js
FN:10,(anonymous_1)
FN:20,noop
FN:25,(anonymous_3)
FN:29,onUnhandledRejection
FN:36,bind
FN:37,(anonymous_6)
FN:42,Promise
FN:57,handle
FN:66,(anonymous_9)
FN:83,resolve
FN:109,reject
FN:115,finale
FN:117,(anonymous_13)
FN:130,Handler
FN:142,doResolve
FN:145,(anonymous_16)
FN:151,(anonymous_17)
FN:167,(anonymous_18)
FN:171,(anonymous_19)
FN:178,(anonymous_20)
FN:181,(anonymous_21)
FN:187,res
FN:192,(anonymous_23)
FN:213,(anonymous_24)
FN:218,(anonymous_25)
FN:223,(anonymous_26)
FN:224,(anonymous_27)
FN:229,(anonymous_28)
FN:230,(anonymous_29)
FN:242,_setImmediateFn
FN:246,_setUnhandledRejectionFn
FNF:31
FNH:8
FNDA:1,(anonymous_1)
FNDA:2,noop
FNDA:0,(anonymous_3)
FNDA:0,onUnhandledRejection
FNDA:0,bind
FNDA:0,(anonymous_6)
FNDA:3,Promise
FNDA:2,handle
FNDA:0,(anonymous_9)
FNDA:0,resolve
FNDA:0,reject
FNDA:0,finale
FNDA:0,(anonymous_13)
FNDA:2,Handler
FNDA:3,doResolve
FNDA:0,(anonymous_16)
FNDA:0,(anonymous_17)
FNDA:1,(anonymous_18)
FNDA:2,(anonymous_19)
FNDA:0,(anonymous_20)
FNDA:0,(anonymous_21)
FNDA:0,res
FNDA:0,(anonymous_23)
FNDA:0,(anonymous_24)
FNDA:0,(anonymous_25)
FNDA:0,(anonymous_26)
FNDA:0,(anonymous_27)
FNDA:0,(anonymous_28)
FNDA:0,(anonymous_29)
FNDA:0,_setImmediateFn
FNDA:0,_setUnhandledRejectionFn
DA:10,1
DA:13,1
DA:14,0
DA:18,1
DA:20,1
DA:24,1
DA:26,0
DA:29,1
DA:30,0
DA:31,0
DA:36,1
DA:37,0
DA:38,0
DA:42,1
DA:43,3
DA:44,0
DA:46,3
DA:47,0
DA:49,3
DA:50,3
DA:51,3
DA:52,3
DA:54,3
DA:57,1
DA:58,2
DA:59,0
DA:61,2
DA:62,2
DA:63,2
DA:65,0
DA:66,0
DA:67,0
DA:68,0
DA:69,0
DA:70,0
DA:72,0
DA:73,0
DA:74,0
DA:76,0
DA:77,0
DA:79,0
DA:83,1
DA:84,0
DA:86,0
DA:87,0
DA:89,0
DA:90,0
DA:91,0
DA:92,0
DA:93,0
DA:94,0
DA:95,0
DA:96,0
DA:97,0
DA:98,0
DA:101,0
DA:102,0
DA:103,0
DA:105,0
DA:109,1
DA:110,0
DA:111,0
DA:112,0
DA:115,1
DA:116,0
DA:117,0
DA:118,0
DA:119,0
DA:124,0
DA:125,0
DA:127,0
DA:130,1
DA:131,2
DA:132,2
DA:133,2
DA:142,1
DA:143,3
DA:144,3
DA:145,3
DA:146,0
DA:147,0
DA:149,0
DA:150,0
DA:152,0
DA:153,0
DA:155,0
DA:156,0
DA:159,0
DA:160,0
DA:162,0
DA:163,0
DA:167,1
DA:168,1
DA:171,1
DA:172,2
DA:174,2
DA:175,2
DA:178,1
DA:179,0
DA:181,0
DA:182,0
DA:183,0
DA:185,0
DA:187,1
DA:188,0
DA:189,0
DA:190,0
DA:191,0
DA:192,0
DA:193,0
DA:195,0
DA:198,0
DA:199,0
DA:200,0
DA:203,0
DA:207,0
DA:208,0
DA:213,1
DA:214,0
DA:215,0
DA:218,0
DA:219,0
DA:223,1
DA:224,0
DA:225,0
DA:229,1
DA:230,0
DA:231,0
DA:232,0
DA:242,1
DA:243,0
DA:246,1
DA:247,0
DA:250,1
DA:251,0
DA:252,1
DA:253,1
LF:137
LH:47
BRDA:13,1,0,0
BRDA:13,1,1,1
BRDA:24,2,0,1
BRDA:24,2,1,0
BRDA:24,2,2,1
BRDA:30,3,0,0
BRDA:30,3,1,0
BRDA:30,4,0,0
BRDA:30,4,1,0
BRDA:43,5,0,0
BRDA:43,5,1,3
BRDA:46,6,0,0
BRDA:46,6,1,3
BRDA:61,7,0,2
BRDA:61,7,1,0
BRDA:67,8,0,0
BRDA:67,8,1,0
BRDA:68,9,0,0
BRDA:68,9,1,0
BRDA:69,10,0,0
BRDA:69,10,1,0
BRDA:86,11,0,0
BRDA:86,11,1,0
BRDA:89,12,0,0
BRDA:89,12,1,0
BRDA:89,13,0,0
BRDA:89,13,1,0
BRDA:89,13,2,0
BRDA:91,14,0,0
BRDA:91,14,1,0
BRDA:96,15,0,0
BRDA:96,15,1,0
BRDA:116,16,0,0
BRDA:116,16,1,0
BRDA:116,17,0,0
BRDA:116,17,1,0
BRDA:118,18,0,0
BRDA:118,18,1,0
BRDA:131,19,0,1
BRDA:131,19,1,1
BRDA:132,20,0,1
BRDA:132,20,1,1
BRDA:146,21,0,0
BRDA:146,21,1,0
BRDA:152,22,0,0
BRDA:152,22,1,0
BRDA:159,23,0,0
BRDA:159,23,1,0
BRDA:182,24,0,0
BRDA:182,24,1,0
BRDA:189,25,0,0
BRDA:189,25,1,0
BRDA:189,26,0,0
BRDA:189,26,1,0
BRDA:189,26,2,0
BRDA:191,27,0,0
BRDA:191,27,1,0
BRDA:199,28,0,0
BRDA:199,28,1,0
BRDA:214,29,0,0
BRDA:214,29,1,0
BRDA:214,30,0,0
BRDA:214,30,1,0
BRDA:214,30,2,0
BRDA:250,31,0,0
BRDA:250,31,1,1
BRDA:250,32,0,1
BRDA:250,32,1,1
BRDA:252,33,0,1
BRDA:252,33,1,0
BRF:70
BRH:14
end_of_record
TN:
SF:/var/www/slim.js/src/FormData.js
FN:7,(anonymous_1)
FN:12,FormData
FN:17,(anonymous_3)
FN:20,(anonymous_4)
FN:23,(anonymous_5)
FNF:5
FNH:1
FNDA:1,(anonymous_1)
FNDA:0,FormData
FNDA:0,(anonymous_3)
FNDA:0,(anonymous_4)
FNDA:0,(anonymous_5)
DA:7,1
DA:9,1
DA:10,1
DA:12,1
DA:13,0
DA:14,0
DA:15,0
DA:17,0
DA:18,0
DA:20,0
DA:21,0
DA:22,0
DA:23,0
DA:24,0
DA:26,0
DA:27,0
DA:28,0
DA:29,0
DA:30,0
DA:32,0
DA:33,0
DA:36,0
DA:37,0
DA:39,0
LF:24
LH:4
BRDA:9,1,0,1
BRDA:9,1,1,0
BRDA:26,2,0,0
BRDA:26,2,1,0
BRF:4
BRH:1
end_of_record
TN:
SF:/var/www/slim.js/src/Unserialize.js
FN:20,(anonymous_1)
FN:22,(anonymous_2)
FNF:2
FNH:1
FNDA:1,(anonymous_1)
FNDA:0,(anonymous_2)
DA:20,1
DA:22,1
DA:23,0
DA:24,0
DA:25,0
DA:26,0
DA:27,0
DA:28,0
DA:29,0
DA:30,0
DA:32,0
DA:33,0
DA:35,0
DA:38,0
LF:14
LH:2
BRDA:29,1,0,0
BRDA:29,1,1,0
BRDA:32,2,0,0
BRDA:32,2,1,0
BRF:4
BRH:0
end_of_record
TN:
SF:/var/www/slim.js/src/SlimUrl.js
FN:9,(anonymous_1)
FN:18,(anonymous_2)
FN:39,(anonymous_3)
FN:48,(anonymous_4)
FN:57,(anonymous_5)
FN:66,(anonymous_6)
FN:76,(anonymous_7)
FN:87,(anonymous_8)
FN:96,(anonymous_9)
FN:108,(anonymous_10)
FN:116,(anonymous_11)
FN:128,(anonymous_12)
FNF:12
FNH:11
FNDA:1,(anonymous_1)
FNDA:1,(anonymous_2)
FNDA:1,(anonymous_3)
FNDA:1,(anonymous_4)
FNDA:2,(anonymous_5)
FNDA:2,(anonymous_6)
FNDA:7,(anonymous_7)
FNDA:3,(anonymous_8)
FNDA:2,(anonymous_9)
FNDA:0,(anonymous_10)
FNDA:2,(anonymous_11)
FNDA:2,(anonymous_12)
DA:9,1
DA:18,1
DA:19,1
DA:20,1
DA:21,1
DA:22,1
DA:23,1
DA:24,1
DA:25,1
DA:26,1
DA:27,1
DA:28,1
DA:29,1
DA:30,1
DA:39,1
DA:40,1
DA:41,1
DA:48,1
DA:49,1
DA:50,1
DA:57,1
DA:58,2
DA:59,2
DA:66,1
DA:67,2
DA:68,2
DA:76,1
DA:77,7
DA:87,1
DA:88,3
DA:96,1
DA:97,2
DA:108,1
DA:109,0
DA:116,1
DA:117,2
DA:118,2
DA:128,1
DA:129,2
DA:132,2
DA:133,2
DA:136,1
DA:137,1
LF:43
LH:42
BRDA:49,1,0,1
BRDA:49,1,1,0
BRDA:88,2,0,3
BRDA:88,2,1,2
BRDA:97,3,0,2
BRDA:97,3,1,1
BRDA:133,4,0,2
BRDA:133,4,1,0
BRF:8
BRH:6
end_of_record
TN:
SF:/var/www/slim.js/src/EventListener.js
FN:9,(anonymous_1)
FN:18,(anonymous_2)
FN:28,(anonymous_3)
FN:34,(anonymous_4)
FN:43,(anonymous_5)
FN:72,(anonymous_6)
FN:84,(anonymous_7)
FNF:7
FNH:5
FNDA:1,(anonymous_1)
FNDA:1,(anonymous_2)
FNDA:1,(anonymous_3)
FNDA:1,(anonymous_4)
FNDA:0,(anonymous_5)
FNDA:1,(anonymous_6)
FNDA:0,(anonymous_7)
DA:9,1
DA:18,1
DA:19,1
DA:28,1
DA:29,1
DA:30,1
DA:31,1
DA:34,1
DA:36,1
DA:38,0
DA:43,0
DA:44,0
DA:48,0
DA:50,0
DA:56,0
DA:57,0
DA:72,1
DA:73,1
DA:74,1
DA:75,1
DA:76,1
DA:77,0
DA:78,0
DA:79,0
DA:83,0
DA:84,0
DA:85,0
DA:87,0
DA:88,0
DA:89,0
DA:95,1
DA:96,1
LF:32
LH:16
BRDA:36,1,0,1
BRDA:36,1,1,0
BRDA:48,2,0,0
BRDA:48,2,1,0
BRDA:48,3,0,0
BRDA:48,3,1,0
BRDA:74,4,0,1
BRDA:74,4,1,0
BRDA:75,5,0,1
BRDA:75,5,1,0
BRDA:75,6,0,1
BRDA:75,6,1,1
BRDA:75,6,2,1
BRDA:77,7,0,0
BRDA:77,7,1,0
BRDA:77,8,0,0
BRDA:77,8,1,0
BRDA:83,9,0,0
BRDA:83,9,1,0
BRDA:83,10,0,0
BRDA:83,10,1,0
BRDA:83,10,2,0
BRDA:87,11,0,0
BRDA:87,11,1,0
BRDA:87,12,0,0
BRDA:87,12,1,0
BRF:26
BRH:6
end_of_record
TN:
SF:/var/www/slim.js/src/SlimExceptions.js
FN:9,(anonymous_1)
FN:17,(anonymous_2)
FN:27,(anonymous_3)
FN:38,(anonymous_4)
FN:58,(anonymous_5)
FN:66,(anonymous_6)
FN:69,(anonymous_7)
FN:75,(anonymous_8)
FNF:8
FNH:4
FNDA:1,(anonymous_1)
FNDA:1,(anonymous_2)
FNDA:1,(anonymous_3)
FNDA:0,(anonymous_4)
FNDA:1,(anonymous_5)
FNDA:0,(anonymous_6)
FNDA:0,(anonymous_7)
FNDA:0,(anonymous_8)
DA:9,1
DA:17,1
DA:18,1
DA:27,1
DA:28,1
DA:29,1
DA:30,1
DA:38,1
DA:39,0
DA:40,0
DA:41,0
DA:42,0
DA:43,0
DA:44,0
DA:45,0
DA:46,0
DA:47,0
DA:48,0
DA:49,0
DA:58,1
DA:59,1
DA:64,1
DA:67,0
DA:69,0
DA:70,0
DA:75,1
DA:76,0
DA:77,0
DA:79,1
DA:82,1
DA:83,1
LF:31
LH:15
BRF:0
BRH:0
end_of_record
TN:
SF:/var/www/slim.js/src/SlimConfig.js
FN:10,(anonymous_1)
FN:18,(anonymous_2)
FN:39,(anonymous_3)
FN:49,(anonymous_4)
FN:58,(anonymous_5)
FN:63,(anonymous_6)
FN:70,(anonymous_7)
FN:86,(anonymous_8)
FN:88,(anonymous_9)
FN:92,(anonymous_10)
FN:101,(anonymous_11)
FN:117,(anonymous_12)
FN:132,(anonymous_13)
FNF:13
FNH:8
FNDA:1,(anonymous_1)
FNDA:1,(anonymous_2)
FNDA:1,(anonymous_3)
FNDA:2,(anonymous_4)
FNDA:1,(anonymous_5)
FNDA:0,(anonymous_6)
FNDA:0,(anonymous_7)
FNDA:1,(anonymous_8)
FNDA:1,(anonymous_9)
FNDA:0,(anonymous_10)
FNDA:0,(anonymous_11)
FNDA:0,(anonymous_12)
FNDA:1,(anonymous_13)
DA:10,1
DA:18,1
DA:19,1
DA:20,1
DA:21,1
DA:23,1
DA:24,0
DA:26,1
DA:27,1
DA:29,1
DA:30,1
DA:39,1
DA:40,1
DA:41,1
DA:49,1
DA:50,2
DA:51,2
DA:58,1
DA:59,1
DA:60,1
DA:61,1
DA:62,1
DA:63,1
DA:64,0
DA:65,0
DA:66,0
DA:67,0
DA:68,0
DA:69,0
DA:71,0
DA:74,0
DA:75,0
DA:76,0
DA:78,1
DA:86,1
DA:87,1
DA:88,1
DA:89,1
DA:90,1
DA:91,1
DA:92,1
DA:93,0
DA:95,0
DA:98,0
DA:101,1
DA:103,0
DA:105,1
DA:117,1
DA:118,0
DA:119,0
DA:122,0
DA:123,0
DA:124,0
DA:132,1
DA:133,1
DA:134,0
DA:136,1
DA:137,1
DA:138,1
DA:140,0
DA:143,1
DA:144,1
LF:62
LH:40
BRDA:23,1,0,0
BRDA:23,1,1,1
BRDA:23,2,0,1
BRDA:23,2,1,1
BRDA:23,2,2,1
BRDA:50,3,0,2
BRDA:50,3,1,1
BRDA:62,4,0,1
BRDA:62,4,1,0
BRDA:93,5,0,0
BRDA:93,5,1,0
BRDA:118,6,0,0
BRDA:118,6,1,0
BRDA:133,7,0,0
BRDA:133,7,1,1
BRDA:137,8,0,1
BRDA:137,8,1,0
BRDA:140,9,0,0
BRDA:140,9,1,0
BRF:19
BRH:9
end_of_record
TN:
SF:/var/www/slim.js/src/SlimView.js
FN:10,(anonymous_1)
FN:19,(anonymous_2)
FN:23,(anonymous_3)
FN:26,(anonymous_4)
FN:39,(anonymous_5)
FN:49,(anonymous_6)
FN:58,(anonymous_7)
FN:70,(anonymous_8)
FN:85,(anonymous_9)
FNF:9
FNH:4
FNDA:1,(anonymous_1)
FNDA:1,(anonymous_2)
FNDA:0,(anonymous_3)
FNDA:0,(anonymous_4)
FNDA:1,(anonymous_5)
FNDA:1,(anonymous_6)
FNDA:0,(anonymous_7)
FNDA:0,(anonymous_8)
FNDA:0,(anonymous_9)
DA:10,1
DA:19,1
DA:20,1
DA:21,1
DA:22,1
DA:24,0
DA:27,0
DA:30,1
DA:39,1
DA:40,1
DA:41,1
DA:49,1
DA:50,1
DA:51,1
DA:58,1
DA:59,0
DA:60,0
DA:61,0
DA:70,1
DA:71,0
DA:73,0
DA:74,0
DA:80,0
DA:82,0
DA:86,0
DA:87,0
DA:88,0
DA:99,0
DA:102,0
DA:104,0
DA:107,1
DA:108,1
LF:32
LH:16
BRDA:87,1,0,0
BRDA:87,1,1,0
BRF:2
BRH:0
end_of_record
TN:
SF:/var/www/slim.js/src/SlimRouter.js
FN:10,(anonymous_1)
FN:18,(anonymous_2)
FN:31,(anonymous_3)
FN:44,(anonymous_4)
FN:50,(anonymous_5)
FN:63,(anonymous_6)
FN:67,(anonymous_7)
FN:76,(anonymous_8)
FN:88,(anonymous_9)
FN:95,(anonymous_10)
FN:108,(anonymous_11)
FN:111,(anonymous_12)
FN:122,(anonymous_13)
FN:132,(anonymous_14)
FNF:14
FNH:4
FNDA:1,(anonymous_1)
FNDA:1,(anonymous_2)
FNDA:1,(anonymous_3)
FNDA:1,(anonymous_4)
FNDA:0,(anonymous_5)
FNDA:0,(anonymous_6)
FNDA:0,(anonymous_7)
FNDA:0,(anonymous_8)
FNDA:0,(anonymous_9)
FNDA:0,(anonymous_10)
FNDA:0,(anonymous_11)
FNDA:0,(anonymous_12)
FNDA:0,(anonymous_13)
FNDA:0,(anonymous_14)
DA:10,1
DA:18,1
DA:19,1
DA:20,1
DA:21,1
DA:22,1
DA:31,1
DA:32,1
DA:33,1
DA:36,1
DA:44,1
DA:45,1
DA:46,1
DA:47,1
DA:50,1
DA:51,0
DA:52,0
DA:53,0
DA:54,0
DA:55,0
DA:57,0
DA:58,0
DA:60,0
DA:63,1
DA:64,0
DA:67,1
DA:68,0
DA:69,0
DA:70,0
DA:72,0
DA:73,0
DA:76,1
DA:77,0
DA:78,0
DA:79,0
DA:80,0
DA:81,0
DA:82,0
DA:85,0
DA:88,1
DA:89,0
DA:90,0
DA:91,0
DA:92,0
DA:95,1
DA:96,0
DA:97,0
DA:98,0
DA:99,0
DA:100,0
DA:101,0
DA:102,0
DA:105,0
DA:108,1
DA:109,0
DA:110,0
DA:111,0
DA:112,0
DA:113,0
DA:114,0
DA:117,0
DA:118,0
DA:119,0
DA:122,1
DA:123,0
DA:124,0
DA:125,0
DA:127,0
DA:129,0
DA:132,1
DA:133,0
DA:136,1
DA:137,1
LF:73
LH:25
BRDA:45,1,0,0
BRDA:45,1,1,1
BRDA:45,2,0,1
BRDA:45,2,1,1
BRDA:45,2,2,1
BRDA:45,2,3,0
BRDA:46,3,0,0
BRDA:46,3,1,1
BRDA:46,4,0,1
BRDA:46,4,1,1
BRDA:52,5,0,0
BRDA:52,5,1,0
BRDA:55,6,0,0
BRDA:55,6,1,0
BRDA:58,7,0,0
BRDA:58,7,1,0
BRDA:68,8,0,0
BRDA:68,8,1,0
BRDA:80,9,0,0
BRDA:80,9,1,0
BRDA:80,10,0,0
BRDA:80,10,1,0
BRDA:96,11,0,0
BRDA:96,11,1,0
BRDA:99,12,0,0
BRDA:99,12,1,0
BRDA:112,13,0,0
BRDA:112,13,1,0
BRDA:123,14,0,0
BRDA:123,14,1,0
BRDA:124,15,0,0
BRDA:124,15,1,0
BRF:32
BRH:7
end_of_record
TN:
SF:/var/www/slim.js/src/SlimCore.js
FN:20,(anonymous_1)
FN:28,(anonymous_2)
FN:42,(anonymous_3)
FN:45,(anonymous_4)
FN:48,(anonymous_5)
FN:51,(anonymous_6)
FN:64,(anonymous_7)
FN:82,(anonymous_8)
FN:86,(anonymous_9)
FN:118,(anonymous_10)
FN:121,(anonymous_11)
FN:127,(anonymous_12)
FN:168,(anonymous_13)
FN:220,(anonymous_14)
FN:224,(anonymous_15)
FN:235,(anonymous_16)
FN:250,(anonymous_17)
FN:263,(anonymous_18)
FN:276,(anonymous_19)
FN:289,(anonymous_20)
FN:302,(anonymous_21)
FN:314,(anonymous_22)
FN:323,(anonymous_23)
FN:340,(anonymous_24)
FN:356,(anonymous_25)
FN:362,(anonymous_26)
FN:368,(anonymous_27)
FN:383,(anonymous_28)
FN:393,(anonymous_29)
FNF:29
FNH:3
FNDA:1,(anonymous_1)
FNDA:1,(anonymous_2)
FNDA:0,(anonymous_3)
FNDA:0,(anonymous_4)
FNDA:0,(anonymous_5)
FNDA:0,(anonymous_6)
FNDA:1,(anonymous_7)
FNDA:0,(anonymous_8)
FNDA:0,(anonymous_9)
FNDA:0,(anonymous_10)
FNDA:0,(anonymous_11)
FNDA:0,(anonymous_12)
FNDA:0,(anonymous_13)
FNDA:0,(anonymous_14)
FNDA:0,(anonymous_15)
FNDA:0,(anonymous_16)
FNDA:0,(anonymous_17)
FNDA:0,(anonymous_18)
FNDA:0,(anonymous_19)
FNDA:0,(anonymous_20)
FNDA:0,(anonymous_21)
FNDA:0,(anonymous_22)
FNDA:0,(anonymous_23)
FNDA:0,(anonymous_24)
FNDA:0,(anonymous_25)
FNDA:0,(anonymous_26)
FNDA:0,(anonymous_27)
FNDA:0,(anonymous_28)
FNDA:0,(anonymous_29)
DA:20,1
DA:28,1
DA:29,1
DA:30,1
DA:31,1
DA:32,1
DA:33,1
DA:34,1
DA:35,1
DA:36,1
DA:37,1
DA:38,1
DA:39,1
DA:40,1
DA:41,1
DA:43,0
DA:46,0
DA:49,0
DA:52,0
DA:55,1
DA:64,1
DA:65,1
DA:66,1
DA:67,1
DA:68,1
DA:82,1
DA:83,0
DA:86,1
DA:87,0
DA:91,0
DA:92,0
DA:94,0
DA:95,0
DA:97,0
DA:98,0
DA:99,0
DA:100,0
DA:102,0
DA:103,0
DA:104,0
DA:105,0
DA:106,0
DA:107,0
DA:108,0
DA:110,0
DA:118,1
DA:119,0
DA:120,0
DA:121,0
DA:122,0
DA:123,0
DA:124,0
DA:125,0
DA:127,0
DA:128,0
DA:129,0
DA:130,0
DA:131,0
DA:137,0
DA:138,0
DA:139,0
DA:140,0
DA:141,0
DA:143,0
DA:144,0
DA:145,0
DA:146,0
DA:147,0
DA:148,0
DA:150,0
DA:151,0
DA:154,0
DA:157,0
DA:160,0
DA:161,0
DA:162,0
DA:163,0
DA:164,0
DA:168,1
DA:169,0
DA:174,0
DA:177,0
DA:178,0
DA:179,0
DA:181,0
DA:183,0
DA:184,0
DA:185,0
DA:188,0
DA:189,0
DA:193,0
DA:194,0
DA:197,0
DA:201,0
DA:202,0
DA:203,0
DA:205,0
DA:206,0
DA:210,0
DA:220,1
DA:221,0
DA:224,1
DA:225,0
DA:226,0
DA:227,0
DA:228,0
DA:229,0
DA:231,0
DA:235,1
DA:236,0
DA:237,0
DA:238,0
DA:241,0
DA:250,1
DA:251,0
DA:252,0
DA:253,0
DA:254,0
DA:263,1
DA:264,0
DA:265,0
DA:266,0
DA:267,0
DA:276,1
DA:277,0
DA:278,0
DA:279,0
DA:280,0
DA:289,1
DA:290,0
DA:291,0
DA:292,0
DA:293,0
DA:302,1
DA:303,0
DA:304,0
DA:305,0
DA:306,0
DA:314,1
DA:315,0
DA:323,1
DA:324,0
DA:329,0
DA:330,0
DA:340,1
DA:341,0
DA:342,0
DA:347,0
DA:358,0
DA:359,0
DA:364,0
DA:365,0
DA:370,0
DA:371,0
DA:374,0
DA:381,1
DA:383,1
DA:384,0
DA:385,0
DA:386,0
DA:387,0
DA:388,0
DA:389,0
DA:390,0
DA:392,0
DA:393,0
DA:394,0
DA:395,0
DA:397,0
DA:398,0
DA:399,0
DA:402,0
DA:403,0
DA:406,0
DA:407,0
DA:412,1
LF:176
LH:39
BRDA:91,1,0,0
BRDA:91,1,1,0
BRDA:95,2,0,0
BRDA:95,2,1,0
BRDA:97,3,0,0
BRDA:97,3,1,0
BRDA:99,4,0,0
BRDA:99,4,1,0
BRDA:105,5,0,0
BRDA:105,5,1,0
BRDA:107,6,0,0
BRDA:107,6,1,0
BRDA:123,7,0,0
BRDA:123,7,1,0
BRDA:132,8,0,0
BRDA:132,8,1,0
BRDA:132,9,0,0
BRDA:132,9,1,0
BRDA:133,10,0,0
BRDA:133,10,1,0
BRDA:135,11,0,0
BRDA:135,11,1,0
BRDA:135,11,2,0
BRDA:137,12,0,0
BRDA:137,12,1,0
BRDA:138,13,0,0
BRDA:138,13,1,0
BRDA:140,14,0,0
BRDA:140,14,1,0
BRDA:143,15,0,0
BRDA:143,15,1,0
BRDA:160,16,0,0
BRDA:160,16,1,0
BRDA:163,17,0,0
BRDA:163,17,1,0
BRDA:174,18,0,0
BRDA:174,18,1,0
BRDA:181,19,0,0
BRDA:181,19,1,0
BRDA:183,20,0,0
BRDA:183,20,1,0
BRDA:188,21,0,0
BRDA:188,21,1,0
BRDA:193,22,0,0
BRDA:193,22,1,0
BRDA:205,23,0,0
BRDA:205,23,1,0
BRDA:205,24,0,0
BRDA:205,24,1,0
BRDA:205,24,2,0
BRDA:226,25,0,0
BRDA:226,25,1,0
BRDA:237,26,0,0
BRDA:237,26,1,0
BRDA:345,27,0,0
BRDA:345,27,1,0
BRDA:348,28,0,0
BRDA:348,28,1,0
BRDA:349,29,0,0
BRDA:349,29,1,0
BRDA:350,30,0,0
BRDA:350,30,1,0
BRDA:354,31,0,0
BRDA:354,31,1,0
BRDA:358,32,0,0
BRDA:358,32,1,0
BRDA:364,33,0,0
BRDA:364,33,1,0
BRDA:370,34,0,0
BRDA:370,34,1,0
BRDA:388,35,0,0
BRDA:388,35,1,0
BRDA:389,36,0,0
BRDA:389,36,1,0
BRDA:395,37,0,0
BRDA:395,37,1,0
BRDA:406,38,0,0
BRDA:406,38,1,0
BRF:78
BRH:0
end_of_record
TN:
SF:/var/www/slim.js/src/Slim.js
FN:11,(anonymous_1)
FN:20,(anonymous_2)
FN:54,(anonymous_3)
FN:64,(anonymous_4)
FN:73,(anonymous_5)
FN:82,(anonymous_6)
FN:104,(anonymous_7)
FN:108,(anonymous_8)
FN:140,(anonymous_9)
FNF:9
FNH:1
FNDA:1,(anonymous_1)
FNDA:0,(anonymous_2)
FNDA:0,(anonymous_3)
FNDA:0,(anonymous_4)
FNDA:0,(anonymous_5)
FNDA:0,(anonymous_6)
FNDA:0,(anonymous_7)
FNDA:0,(anonymous_8)
FNDA:0,(anonymous_9)
DA:11,1
DA:20,1
DA:21,0
DA:36,0
DA:37,0
DA:38,0
DA:45,1
DA:46,1
DA:54,1
DA:55,0
DA:56,0
DA:64,1
DA:65,0
DA:73,1
DA:74,0
DA:82,1
DA:83,0
DA:84,0
DA:87,0
DA:89,0
DA:90,0
DA:91,0
DA:93,0
DA:94,0
DA:95,0
DA:97,0
DA:104,1
DA:105,0
DA:106,0
DA:107,0
DA:108,0
DA:109,0
DA:110,0
DA:117,0
DA:124,0
DA:129,0
DA:136,0
DA:140,1
DA:141,0
DA:142,0
DA:149,0
DA:152,1
DA:153,1
LF:43
LH:12
BRDA:87,1,0,0
BRDA:87,1,1,0
BRDA:109,2,0,0
BRDA:109,2,1,0
BRDA:145,3,0,0
BRDA:145,3,1,0
BRDA:146,4,0,0
BRDA:146,4,1,0
BRF:8
BRH:0
end_of_record
